[2020-10-31 23:43:25,253][__main__][INFO] - 
project_name: PyTorchLightningHydra
experiment_name: Default
debug: false
hparams:
  seed: 0
  batch_size: 256
  num_workers: 6
  max_epochs: 10000
  min_epochs: 10
  patience: 50
  optimizer: Adam
  lr: 0
  patch_size: 15
  hidden_n: 1024
  output_n: ${data.class_num}
  pool_mode: max
  patch_num_min: 1
  patch_num_max: 256
  data_split_num: ${data.datamodule.data_split_num}
  data_use_num: ${data.datamodule.data_use_num}
data:
  datamodule:
    _target_: src.datamodule.AdobeFontDataModule
    path: /dataset/AdobeFontCharImages
    upper: true
    lower: false
    data_split_num: 5
    data_use_num: 0
    seed: ${hparams.seed}
    batch_size: ${hparams.batch_size}
    num_workers: ${hparams.num_workers}
  name: AdobeFontCharImages
  class_num: 26
trainer:
  max_epochs: ${hparams.max_epochs}
  min_epochs: ${hparams.min_epochs}
  auto_scale_batch_size: false
  gpus: 1
  auto_select_gpus: true
  num_nodes: 1
  accelerator: null
  benchmark: true
  deterministic: true
  fast_dev_run: ${debug}
  profiler: simple
  weights_summary: full
model_checkpoint:
  filepath: null
  monitor: valid_loss
  verbose: false
  save_last: null
  save_top_k: null
  save_weights_only: false
  mode: min
  prefix: ''
  dirpath: null
  filename: null
early_stopping:
  monitor: valid_loss
  min_delta: 0
  patience: ${hparams.patience}
  verbose: false
  mode: min
callbacks: []
loggers:
- _target_: pytorch_lightning.loggers.TensorBoardLogger
  save_dir: .
  name: ''
  version: lightning_logs
- _target_: pytorch_lightning.loggers.MLFlowLogger
  experiment_name: ${experiment_name}
  tracking_uri: file:/workspace/mlruns
  tags: null
  save_dir: null

[2020-10-31 23:43:25,317][__main__][INFO] - Rename directory name. "/workspace/outputs/Default/2020-10-31/23-43-25" -> "/workspace/outputs/Default/2020-10-31/23-43-25__interrupted"
